<?xml version="1.0" encoding="UTF-8"?>
<TestRun id="6fe75d52-d320-4553-956d-399462747aa7" name="sthakare@TRAINING2 2013-08-01 11:33:42" runUser="PUNE\sthakare" xmlns="http://microsoft.com/schemas/VisualStudio/TeamTest/2010">
  <TestSettings name="Local" id="131e7545-6f0b-436f-8d1f-fcf8675e7d27">
    <Description>These are default test settings for a local test run.</Description>
    <Deployment enabled="false" runDeploymentRoot="sthakare_TRAINING2 2013-08-01 11_33_42" />
    <Execution>
      <TestTypeSpecific />
      <AgentRule name="Execution Agents">
      </AgentRule>
    </Execution>
  </TestSettings>
  <Times creation="2013-08-01T11:33:42.3233913+05:30" queuing="2013-08-01T11:33:43.5585148+05:30" start="2013-08-01T11:33:43.6175207+05:30" finish="2013-08-01T11:33:44.0915681+05:30" />
  <ResultSummary outcome="Failed">
    <Counters total="1" executed="1" error="0" failed="1" timeout="0" aborted="0" inconclusive="0" passedButRunAborted="0" notRunnable="0" notExecuted="0" disconnected="0" warning="0" passed="0" completed="0" inProgress="0" pending="0" />
  </ResultSummary>
  <TestDefinitions>
    <UnitTest name="TestMethod1" storage="c:\users\sthakare\desktop\training.contracts\employeemanagement.test\bin\debug\employeemanagement.test.dll" id="524b8e3a-15d6-c6b4-5a5e-efcf58767ff0">
      <Execution id="a5e8d26d-548e-404e-8df9-474b76a7a034" />
      <TestMethod codeBase="C:/Users/sthakare/Desktop/Training.Contracts/EmployeeManagement.Test/bin/Debug/EmployeeManagement.Test.DLL" adapterTypeName="Microsoft.VisualStudio.TestTools.TestTypes.Unit.UnitTestAdapter, Microsoft.VisualStudio.QualityTools.Tips.UnitTest.Adapter, Version=10.0.0.0, Culture=neutral, PublicKeyToken=b03f5f7f11d50a3a" className="EmployeeManagement.Test.xyz, EmployeeManagement.Test, Version=1.0.0.0, Culture=neutral, PublicKeyToken=null" name="TestMethod1" />
    </UnitTest>
  </TestDefinitions>
  <TestLists>
    <TestList name="Results Not in a List" id="8c84fa94-04c1-424b-9868-57a2d4851a1d" />
    <TestList name="All Loaded Results" id="19431567-8539-422a-85d7-44ee4e166bda" />
  </TestLists>
  <TestEntries>
    <TestEntry testId="524b8e3a-15d6-c6b4-5a5e-efcf58767ff0" executionId="a5e8d26d-548e-404e-8df9-474b76a7a034" testListId="8c84fa94-04c1-424b-9868-57a2d4851a1d" />
  </TestEntries>
  <Results>
    <UnitTestResult executionId="a5e8d26d-548e-404e-8df9-474b76a7a034" testId="524b8e3a-15d6-c6b4-5a5e-efcf58767ff0" testName="TestMethod1" computerName="TRAINING2" duration="00:00:00.0963759" startTime="2013-08-01T11:33:43.6375227+05:30" endTime="2013-08-01T11:33:44.0675657+05:30" testType="13cdc9d9-ddb5-4fa4-a97d-d965ccfc6d4b" outcome="Failed" testListId="8c84fa94-04c1-424b-9868-57a2d4851a1d" relativeResultsDirectory="a5e8d26d-548e-404e-8df9-474b76a7a034">
      <Output>
        <ErrorInfo>
          <Message>Assert.AreEqual failed. Expected:&lt;Success&gt;. Actual:&lt;Failure&gt;. Response status is failed</Message>
          <StackTrace>   at EmployeeManagement.Test.xyz.TestMethod1() in C:\Users\sthakare\Desktop\Training.Contracts\EmployeeManagement.Test\xyz.cs:line 19
</StackTrace>
        </ErrorInfo>
      </Output>
    </UnitTestResult>
  </Results>
</TestRun>