<?xml version="1.0" encoding="UTF-8"?>
<TestRun id="873cba27-e802-40ef-b886-0809f5305e1a" name="sthakare@TRAINING2 2013-08-05 08:59:11" runUser="PUNE\sthakare" xmlns="http://microsoft.com/schemas/VisualStudio/TeamTest/2010">
  <TestSettings name="Local" id="653d5e6b-7427-496f-a05e-e489b8797674">
    <Description>These are default test settings for a local test run.</Description>
    <Deployment enabled="false" runDeploymentRoot="sthakare_TRAINING2 2013-08-05 08_59_11" />
    <Execution>
      <TestTypeSpecific />
      <AgentRule name="Execution Agents">
      </AgentRule>
    </Execution>
  </TestSettings>
  <Times creation="2013-08-05T08:59:11.1162217+05:30" queuing="2013-08-05T08:59:15.6955102+05:30" start="2013-08-05T08:59:15.9216232+05:30" finish="2013-08-05T09:03:23.5467058+05:30" />
  <ResultSummary outcome="Error">
    <Counters total="1" executed="1" error="0" failed="0" timeout="0" aborted="1" inconclusive="0" passedButRunAborted="0" notRunnable="0" notExecuted="0" disconnected="0" warning="0" passed="0" completed="0" inProgress="0" pending="0" />
    <RunInfos>
      <RunInfo computerName="TRAINING2" outcome="Error" timestamp="2013-08-05T09:03:23.5417048+05:30">
        <Text>Test host process exited unexpectedly.</Text>
      </RunInfo>
    </RunInfos>
  </ResultSummary>
  <TestDefinitions>
    <UnitTest name="CreateEmployeeSuccess" storage="c:\users\sthakare\desktop\main\wcf\wcf_asgns\employeemanagement.datacontract_assignment4_shash\testmodel\bin\debug\testmodel.dll" id="7a467b03-cb85-68f8-8b6c-b475668536cb">
      <Execution id="6493cca4-e344-4045-917e-b826d6ee3035" />
      <TestMethod codeBase="C:/Users/sthakare/Desktop/main/wcf/wcf_asgns/EmployeeManagement.DataContract_Assignment4_shash/TestModel/bin/Debug/TestModel.DLL" adapterTypeName="Microsoft.VisualStudio.TestTools.TestTypes.Unit.UnitTestAdapter, Microsoft.VisualStudio.QualityTools.Tips.UnitTest.Adapter, Version=10.0.0.0, Culture=neutral, PublicKeyToken=b03f5f7f11d50a3a" className="TestModel.ClientTest, TestModel, Version=1.0.0.0, Culture=neutral, PublicKeyToken=null" name="CreateEmployeeSuccess" />
    </UnitTest>
  </TestDefinitions>
  <TestLists>
    <TestList name="Results Not in a List" id="8c84fa94-04c1-424b-9868-57a2d4851a1d" />
    <TestList name="All Loaded Results" id="19431567-8539-422a-85d7-44ee4e166bda" />
  </TestLists>
  <TestEntries>
    <TestEntry testId="7a467b03-cb85-68f8-8b6c-b475668536cb" executionId="6493cca4-e344-4045-917e-b826d6ee3035" testListId="8c84fa94-04c1-424b-9868-57a2d4851a1d" />
  </TestEntries>
  <Results>
    <UnitTestResult executionId="6493cca4-e344-4045-917e-b826d6ee3035" testId="7a467b03-cb85-68f8-8b6c-b475668536cb" testName="CreateEmployeeSuccess" computerName="TRAINING2" duration="00:04:07.4419911" startTime="2013-08-05T08:59:16.1047147+05:30" endTime="2013-08-05T09:03:23.5467058+05:30" testType="13cdc9d9-ddb5-4fa4-a97d-d965ccfc6d4b" outcome="Aborted" testListId="8c84fa94-04c1-424b-9868-57a2d4851a1d" relativeResultsDirectory="6493cca4-e344-4045-917e-b826d6ee3035">
    </UnitTestResult>
  </Results>
</TestRun>