<?xml version="1.0" encoding="UTF-8"?>
<TestRun id="eb2dc52a-6c03-42b3-9bbd-8941c76bf2e1" name="sthakare@TRAINING2 2013-08-05 17:03:16" runUser="PUNE\sthakare" xmlns="http://microsoft.com/schemas/VisualStudio/TeamTest/2010">
  <TestSettings name="Local" id="653d5e6b-7427-496f-a05e-e489b8797674">
    <Description>These are default test settings for a local test run.</Description>
    <Deployment enabled="false" runDeploymentRoot="sthakare_TRAINING2 2013-08-05 17_03_16" />
    <Execution>
      <TestTypeSpecific />
      <AgentRule name="Execution Agents">
      </AgentRule>
    </Execution>
  </TestSettings>
  <Times creation="2013-08-05T17:03:16.1060874+05:30" queuing="2013-08-05T17:03:20.4185186+05:30" start="2013-08-05T17:03:20.6895457+05:30" finish="2013-08-05T17:03:44.0018767+05:30" />
  <ResultSummary outcome="Error">
    <Counters total="4" executed="1" error="0" failed="0" timeout="0" aborted="1" inconclusive="0" passedButRunAborted="0" notRunnable="0" notExecuted="3" disconnected="0" warning="0" passed="0" completed="0" inProgress="0" pending="0" />
    <RunInfos>
      <RunInfo computerName="TRAINING2" outcome="Error" timestamp="2013-08-05T17:03:43.9998765+05:30">
        <Text>Test host process exited unexpectedly.</Text>
      </RunInfo>
    </RunInfos>
  </ResultSummary>
  <TestDefinitions>
    <UnitTest name="ReturnsAnEmployeeById" storage="c:\users\sthakare\desktop\main\svn\sthakare\2013-08-03 wcf-4\assignment\testmodel\bin\debug\testmodel.dll" id="7783fc6a-cd38-6535-61b4-63e7eb4592ca">
      <Execution id="332d355c-8150-4993-8bf5-159aed2f07d6" />
      <TestMethod codeBase="C:/Users/sthakare/Desktop/main/SVN/sthakare/2013-08-03 WCF-4/assignment/TestModel/bin/Debug/TestModel.DLL" adapterTypeName="Microsoft.VisualStudio.TestTools.TestTypes.Unit.UnitTestAdapter, Microsoft.VisualStudio.QualityTools.Tips.UnitTest.Adapter, Version=10.0.0.0, Culture=neutral, PublicKeyToken=b03f5f7f11d50a3a" className="TestModel.ClientTest, TestModel, Version=1.0.0.0, Culture=neutral, PublicKeyToken=null" name="ReturnsAnEmployeeById" />
    </UnitTest>
    <UnitTest name="ReturnsAnEmployeeList" storage="c:\users\sthakare\desktop\main\svn\sthakare\2013-08-03 wcf-4\assignment\testmodel\bin\debug\testmodel.dll" id="02d39ca2-7a0d-a1d9-88a8-4f4f60dea256">
      <Execution id="cff2d54c-5f04-44d0-966f-8ed66261a6ef" />
      <TestMethod codeBase="C:/Users/sthakare/Desktop/main/SVN/sthakare/2013-08-03 WCF-4/assignment/TestModel/bin/Debug/TestModel.DLL" adapterTypeName="Microsoft.VisualStudio.TestTools.TestTypes.Unit.UnitTestAdapter, Microsoft.VisualStudio.QualityTools.Tips.UnitTest.Adapter, Version=10.0.0.0, Culture=neutral, PublicKeyToken=b03f5f7f11d50a3a" className="TestModel.ClientTest, TestModel, Version=1.0.0.0, Culture=neutral, PublicKeyToken=null" name="ReturnsAnEmployeeList" />
    </UnitTest>
    <UnitTest name="AddRemarkToAnEmployee" storage="c:\users\sthakare\desktop\main\svn\sthakare\2013-08-03 wcf-4\assignment\testmodel\bin\debug\testmodel.dll" id="02af2691-d6bd-d880-8979-d5f6ff35691e">
      <Execution id="a072a557-4a93-48be-be7d-597db70f49eb" />
      <TestMethod codeBase="C:/Users/sthakare/Desktop/main/SVN/sthakare/2013-08-03 WCF-4/assignment/TestModel/bin/Debug/TestModel.DLL" adapterTypeName="Microsoft.VisualStudio.TestTools.TestTypes.Unit.UnitTestAdapter, Microsoft.VisualStudio.QualityTools.Tips.UnitTest.Adapter, Version=10.0.0.0, Culture=neutral, PublicKeyToken=b03f5f7f11d50a3a" className="TestModel.ClientTest, TestModel, Version=1.0.0.0, Culture=neutral, PublicKeyToken=null" name="AddRemarkToAnEmployee" />
    </UnitTest>
    <UnitTest name="CreateEmployeeSuccess" storage="c:\users\sthakare\desktop\main\svn\sthakare\2013-08-03 wcf-4\assignment\testmodel\bin\debug\testmodel.dll" id="7a467b03-cb85-68f8-8b6c-b475668536cb">
      <Execution id="1050316f-2194-4fdb-b16c-11d9803aeb2f" />
      <TestMethod codeBase="C:/Users/sthakare/Desktop/main/SVN/sthakare/2013-08-03 WCF-4/assignment/TestModel/bin/Debug/TestModel.DLL" adapterTypeName="Microsoft.VisualStudio.TestTools.TestTypes.Unit.UnitTestAdapter, Microsoft.VisualStudio.QualityTools.Tips.UnitTest.Adapter, Version=10.0.0.0, Culture=neutral, PublicKeyToken=b03f5f7f11d50a3a" className="TestModel.ClientTest, TestModel, Version=1.0.0.0, Culture=neutral, PublicKeyToken=null" name="CreateEmployeeSuccess" />
    </UnitTest>
  </TestDefinitions>
  <TestLists>
    <TestList name="Results Not in a List" id="8c84fa94-04c1-424b-9868-57a2d4851a1d" />
    <TestList name="All Loaded Results" id="19431567-8539-422a-85d7-44ee4e166bda" />
  </TestLists>
  <TestEntries>
    <TestEntry testId="7a467b03-cb85-68f8-8b6c-b475668536cb" executionId="1050316f-2194-4fdb-b16c-11d9803aeb2f" testListId="8c84fa94-04c1-424b-9868-57a2d4851a1d" />
    <TestEntry testId="02af2691-d6bd-d880-8979-d5f6ff35691e" executionId="a072a557-4a93-48be-be7d-597db70f49eb" testListId="8c84fa94-04c1-424b-9868-57a2d4851a1d" />
    <TestEntry testId="7783fc6a-cd38-6535-61b4-63e7eb4592ca" executionId="332d355c-8150-4993-8bf5-159aed2f07d6" testListId="8c84fa94-04c1-424b-9868-57a2d4851a1d" />
    <TestEntry testId="02d39ca2-7a0d-a1d9-88a8-4f4f60dea256" executionId="cff2d54c-5f04-44d0-966f-8ed66261a6ef" testListId="8c84fa94-04c1-424b-9868-57a2d4851a1d" />
  </TestEntries>
  <Results>
    <UnitTestResult executionId="1050316f-2194-4fdb-b16c-11d9803aeb2f" testId="7a467b03-cb85-68f8-8b6c-b475668536cb" testName="CreateEmployeeSuccess" computerName="TRAINING2" duration="00:00:23.1053103" startTime="2013-08-05T17:03:20.8965664+05:30" endTime="2013-08-05T17:03:44.0018767+05:30" testType="13cdc9d9-ddb5-4fa4-a97d-d965ccfc6d4b" outcome="Aborted" testListId="8c84fa94-04c1-424b-9868-57a2d4851a1d" relativeResultsDirectory="1050316f-2194-4fdb-b16c-11d9803aeb2f">
    </UnitTestResult>
    <UnitTestResult executionId="a072a557-4a93-48be-be7d-597db70f49eb" testId="02af2691-d6bd-d880-8979-d5f6ff35691e" testName="AddRemarkToAnEmployee" computerName="TRAINING2" testType="13cdc9d9-ddb5-4fa4-a97d-d965ccfc6d4b" outcome="NotExecuted" testListId="8c84fa94-04c1-424b-9868-57a2d4851a1d" relativeResultsDirectory="a072a557-4a93-48be-be7d-597db70f49eb">
    </UnitTestResult>
    <UnitTestResult executionId="332d355c-8150-4993-8bf5-159aed2f07d6" testId="7783fc6a-cd38-6535-61b4-63e7eb4592ca" testName="ReturnsAnEmployeeById" computerName="TRAINING2" testType="13cdc9d9-ddb5-4fa4-a97d-d965ccfc6d4b" outcome="NotExecuted" testListId="8c84fa94-04c1-424b-9868-57a2d4851a1d" relativeResultsDirectory="332d355c-8150-4993-8bf5-159aed2f07d6">
    </UnitTestResult>
    <UnitTestResult executionId="cff2d54c-5f04-44d0-966f-8ed66261a6ef" testId="02d39ca2-7a0d-a1d9-88a8-4f4f60dea256" testName="ReturnsAnEmployeeList" computerName="TRAINING2" testType="13cdc9d9-ddb5-4fa4-a97d-d965ccfc6d4b" outcome="NotExecuted" testListId="8c84fa94-04c1-424b-9868-57a2d4851a1d" relativeResultsDirectory="cff2d54c-5f04-44d0-966f-8ed66261a6ef">
    </UnitTestResult>
  </Results>
</TestRun>