<?xml version="1.0" encoding="UTF-8"?>
<TestRun id="fa24bf48-76fa-473a-96c3-5fa65464c23b" name="manvesh@VAIO 2013-08-02 23:00:35" runUser="VAIO\manvesh" xmlns="http://microsoft.com/schemas/VisualStudio/TeamTest/2010">
  <TestSettings name="Local" id="653d5e6b-7427-496f-a05e-e489b8797674">
    <Description>These are default test settings for a local test run.</Description>
    <Deployment enabled="false" runDeploymentRoot="manvesh_VAIO 2013-08-02 23_00_35" />
    <Execution>
      <TestTypeSpecific />
      <AgentRule name="Execution Agents">
      </AgentRule>
    </Execution>
  </TestSettings>
  <Times creation="2013-08-02T23:00:35.3620658+05:30" queuing="2013-08-02T23:00:36.2056269+05:30" start="2013-08-02T23:00:36.2936856+05:30" finish="2013-08-02T23:00:39.9792024+05:30" />
  <ResultSummary outcome="Completed">
    <Counters total="5" executed="5" passed="5" error="0" failed="0" timeout="0" aborted="0" inconclusive="0" passedButRunAborted="0" notRunnable="0" notExecuted="0" disconnected="0" warning="0" completed="0" inProgress="0" pending="0" />
  </ResultSummary>
  <TestDefinitions>
    <UnitTest name="ReturnsAnEmployeeById" storage="e:\new folder (3)\employeemanagement.datacontract_assignment\testmodel\bin\debug\testmodel.dll" id="7783fc6a-cd38-6535-61b4-63e7eb4592ca">
      <Execution id="dda0837a-13cf-47eb-86ad-4ebd070d1f27" />
      <TestMethod codeBase="E:/New folder (3)/EmployeeManagement.DataContract_Assignment/TestModel/bin/Debug/TestModel.DLL" adapterTypeName="Microsoft.VisualStudio.TestTools.TestTypes.Unit.UnitTestAdapter, Microsoft.VisualStudio.QualityTools.Tips.UnitTest.Adapter, Version=10.0.0.0, Culture=neutral, PublicKeyToken=b03f5f7f11d50a3a" className="TestModel.ClientTest, TestModel, Version=1.0.0.0, Culture=neutral, PublicKeyToken=null" name="ReturnsAnEmployeeById" />
    </UnitTest>
    <UnitTest name="AddRemarkToAnEmployee" storage="e:\new folder (3)\employeemanagement.datacontract_assignment\testmodel\bin\debug\testmodel.dll" id="02af2691-d6bd-d880-8979-d5f6ff35691e">
      <Execution id="e36e8f28-8d4c-4f4e-bf49-2389c616c970" />
      <TestMethod codeBase="E:/New folder (3)/EmployeeManagement.DataContract_Assignment/TestModel/bin/Debug/TestModel.DLL" adapterTypeName="Microsoft.VisualStudio.TestTools.TestTypes.Unit.UnitTestAdapter, Microsoft.VisualStudio.QualityTools.Tips.UnitTest.Adapter, Version=10.0.0.0, Culture=neutral, PublicKeyToken=b03f5f7f11d50a3a" className="TestModel.ClientTest, TestModel, Version=1.0.0.0, Culture=neutral, PublicKeyToken=null" name="AddRemarkToAnEmployee" />
    </UnitTest>
    <UnitTest name="ReturnsAnEmployeeList" storage="e:\new folder (3)\employeemanagement.datacontract_assignment\testmodel\bin\debug\testmodel.dll" id="02d39ca2-7a0d-a1d9-88a8-4f4f60dea256">
      <Execution id="621e39a6-9200-437a-82ff-0721ca53b4e8" />
      <TestMethod codeBase="E:/New folder (3)/EmployeeManagement.DataContract_Assignment/TestModel/bin/Debug/TestModel.DLL" adapterTypeName="Microsoft.VisualStudio.TestTools.TestTypes.Unit.UnitTestAdapter, Microsoft.VisualStudio.QualityTools.Tips.UnitTest.Adapter, Version=10.0.0.0, Culture=neutral, PublicKeyToken=b03f5f7f11d50a3a" className="TestModel.ClientTest, TestModel, Version=1.0.0.0, Culture=neutral, PublicKeyToken=null" name="ReturnsAnEmployeeList" />
    </UnitTest>
    <UnitTest name="CreateEmployeeFailed" storage="e:\new folder (3)\employeemanagement.datacontract_assignment\testmodel\bin\debug\testmodel.dll" id="bf1f2b99-fcec-1c46-6439-115e5e9fd61e">
      <Execution id="8444f220-a258-48e7-bb7d-b01f8ed6c727" />
      <TestMethod codeBase="E:/New folder (3)/EmployeeManagement.DataContract_Assignment/TestModel/bin/Debug/TestModel.DLL" adapterTypeName="Microsoft.VisualStudio.TestTools.TestTypes.Unit.UnitTestAdapter, Microsoft.VisualStudio.QualityTools.Tips.UnitTest.Adapter, Version=10.0.0.0, Culture=neutral, PublicKeyToken=b03f5f7f11d50a3a" className="TestModel.ClientTest, TestModel, Version=1.0.0.0, Culture=neutral, PublicKeyToken=null" name="CreateEmployeeFailed" />
    </UnitTest>
    <UnitTest name="CreateEmployeeSuccess" storage="e:\new folder (3)\employeemanagement.datacontract_assignment\testmodel\bin\debug\testmodel.dll" id="7a467b03-cb85-68f8-8b6c-b475668536cb">
      <Execution id="aaad600a-12e9-42f1-9263-0f1c937d99c9" />
      <TestMethod codeBase="E:/New folder (3)/EmployeeManagement.DataContract_Assignment/TestModel/bin/Debug/TestModel.DLL" adapterTypeName="Microsoft.VisualStudio.TestTools.TestTypes.Unit.UnitTestAdapter, Microsoft.VisualStudio.QualityTools.Tips.UnitTest.Adapter, Version=10.0.0.0, Culture=neutral, PublicKeyToken=b03f5f7f11d50a3a" className="TestModel.ClientTest, TestModel, Version=1.0.0.0, Culture=neutral, PublicKeyToken=null" name="CreateEmployeeSuccess" />
    </UnitTest>
  </TestDefinitions>
  <TestLists>
    <TestList name="Results Not in a List" id="8c84fa94-04c1-424b-9868-57a2d4851a1d" />
    <TestList name="All Loaded Results" id="19431567-8539-422a-85d7-44ee4e166bda" />
  </TestLists>
  <TestEntries>
    <TestEntry testId="7a467b03-cb85-68f8-8b6c-b475668536cb" executionId="aaad600a-12e9-42f1-9263-0f1c937d99c9" testListId="8c84fa94-04c1-424b-9868-57a2d4851a1d" />
    <TestEntry testId="bf1f2b99-fcec-1c46-6439-115e5e9fd61e" executionId="8444f220-a258-48e7-bb7d-b01f8ed6c727" testListId="8c84fa94-04c1-424b-9868-57a2d4851a1d" />
    <TestEntry testId="7783fc6a-cd38-6535-61b4-63e7eb4592ca" executionId="dda0837a-13cf-47eb-86ad-4ebd070d1f27" testListId="8c84fa94-04c1-424b-9868-57a2d4851a1d" />
    <TestEntry testId="02d39ca2-7a0d-a1d9-88a8-4f4f60dea256" executionId="621e39a6-9200-437a-82ff-0721ca53b4e8" testListId="8c84fa94-04c1-424b-9868-57a2d4851a1d" />
    <TestEntry testId="02af2691-d6bd-d880-8979-d5f6ff35691e" executionId="e36e8f28-8d4c-4f4e-bf49-2389c616c970" testListId="8c84fa94-04c1-424b-9868-57a2d4851a1d" />
  </TestEntries>
  <Results>
    <UnitTestResult executionId="aaad600a-12e9-42f1-9263-0f1c937d99c9" testId="7a467b03-cb85-68f8-8b6c-b475668536cb" testName="CreateEmployeeSuccess" computerName="VAIO" duration="00:00:01.9036173" startTime="2013-08-02T23:00:36.8330453+05:30" endTime="2013-08-02T23:00:39.5619267+05:30" testType="13cdc9d9-ddb5-4fa4-a97d-d965ccfc6d4b" outcome="Passed" testListId="8c84fa94-04c1-424b-9868-57a2d4851a1d" relativeResultsDirectory="aaad600a-12e9-42f1-9263-0f1c937d99c9">
    </UnitTestResult>
    <UnitTestResult executionId="8444f220-a258-48e7-bb7d-b01f8ed6c727" testId="bf1f2b99-fcec-1c46-6439-115e5e9fd61e" testName="CreateEmployeeFailed" computerName="VAIO" duration="00:00:00.0282010" startTime="2013-08-02T23:00:39.6159623+05:30" endTime="2013-08-02T23:00:39.6529855+05:30" testType="13cdc9d9-ddb5-4fa4-a97d-d965ccfc6d4b" outcome="Passed" testListId="8c84fa94-04c1-424b-9868-57a2d4851a1d" relativeResultsDirectory="8444f220-a258-48e7-bb7d-b01f8ed6c727">
    </UnitTestResult>
    <UnitTestResult executionId="dda0837a-13cf-47eb-86ad-4ebd070d1f27" testId="7783fc6a-cd38-6535-61b4-63e7eb4592ca" testName="ReturnsAnEmployeeById" computerName="VAIO" duration="00:00:00.0652761" startTime="2013-08-02T23:00:39.6709971+05:30" endTime="2013-08-02T23:00:39.7440462+05:30" testType="13cdc9d9-ddb5-4fa4-a97d-d965ccfc6d4b" outcome="Passed" testListId="8c84fa94-04c1-424b-9868-57a2d4851a1d" relativeResultsDirectory="dda0837a-13cf-47eb-86ad-4ebd070d1f27">
    </UnitTestResult>
    <UnitTestResult executionId="621e39a6-9200-437a-82ff-0721ca53b4e8" testId="02d39ca2-7a0d-a1d9-88a8-4f4f60dea256" testName="ReturnsAnEmployeeList" computerName="VAIO" duration="00:00:00.0352407" startTime="2013-08-02T23:00:39.7660609+05:30" endTime="2013-08-02T23:00:39.8110913+05:30" testType="13cdc9d9-ddb5-4fa4-a97d-d965ccfc6d4b" outcome="Passed" testListId="8c84fa94-04c1-424b-9868-57a2d4851a1d" relativeResultsDirectory="621e39a6-9200-437a-82ff-0721ca53b4e8">
    </UnitTestResult>
    <UnitTestResult executionId="e36e8f28-8d4c-4f4e-bf49-2389c616c970" testId="02af2691-d6bd-d880-8979-d5f6ff35691e" testName="AddRemarkToAnEmployee" computerName="VAIO" duration="00:00:00.0247106" startTime="2013-08-02T23:00:39.8301035+05:30" endTime="2013-08-02T23:00:39.8641276+05:30" testType="13cdc9d9-ddb5-4fa4-a97d-d965ccfc6d4b" outcome="Passed" testListId="8c84fa94-04c1-424b-9868-57a2d4851a1d" relativeResultsDirectory="e36e8f28-8d4c-4f4e-bf49-2389c616c970">
    </UnitTestResult>
  </Results>
</TestRun>