<?xml version="1.0" encoding="UTF-8"?>
<TestRun id="9b4612f8-b913-4c91-be41-7632064c125f" name="manvesh@VAIO 2013-08-02 22:59:30" runUser="VAIO\manvesh" xmlns="http://microsoft.com/schemas/VisualStudio/TeamTest/2010">
  <TestSettings name="Local" id="653d5e6b-7427-496f-a05e-e489b8797674">
    <Description>These are default test settings for a local test run.</Description>
    <Deployment enabled="false" runDeploymentRoot="manvesh_VAIO 2013-08-02 22_59_30" />
    <Execution>
      <TestTypeSpecific />
      <AgentRule name="Execution Agents">
      </AgentRule>
    </Execution>
  </TestSettings>
  <Times creation="2013-08-02T22:59:30.4213300+05:30" queuing="2013-08-02T22:59:31.3229307+05:30" start="2013-08-02T22:59:31.4109884+05:30" finish="2013-08-02T22:59:34.1878402+05:30" />
  <ResultSummary outcome="Completed">
    <Counters total="5" executed="5" passed="5" error="0" failed="0" timeout="0" aborted="0" inconclusive="0" passedButRunAborted="0" notRunnable="0" notExecuted="0" disconnected="0" warning="0" completed="0" inProgress="0" pending="0" />
  </ResultSummary>
  <TestDefinitions>
    <UnitTest name="ReturnsAnEmployeeById" storage="e:\new folder (3)\employeemanagement.datacontract_assignment\testmodel\bin\debug\testmodel.dll" id="7783fc6a-cd38-6535-61b4-63e7eb4592ca">
      <Execution id="f291a5b3-b3e5-4b18-8a9e-82c322c22f0d" />
      <TestMethod codeBase="E:/New folder (3)/EmployeeManagement.DataContract_Assignment/TestModel/bin/Debug/TestModel.DLL" adapterTypeName="Microsoft.VisualStudio.TestTools.TestTypes.Unit.UnitTestAdapter, Microsoft.VisualStudio.QualityTools.Tips.UnitTest.Adapter, Version=10.0.0.0, Culture=neutral, PublicKeyToken=b03f5f7f11d50a3a" className="TestModel.ClientTest, TestModel, Version=1.0.0.0, Culture=neutral, PublicKeyToken=null" name="ReturnsAnEmployeeById" />
    </UnitTest>
    <UnitTest name="AddRemarkToAnEmployee" storage="e:\new folder (3)\employeemanagement.datacontract_assignment\testmodel\bin\debug\testmodel.dll" id="02af2691-d6bd-d880-8979-d5f6ff35691e">
      <Execution id="0d31ddc7-c207-4322-bb78-b63e33a2e66e" />
      <TestMethod codeBase="E:/New folder (3)/EmployeeManagement.DataContract_Assignment/TestModel/bin/Debug/TestModel.DLL" adapterTypeName="Microsoft.VisualStudio.TestTools.TestTypes.Unit.UnitTestAdapter, Microsoft.VisualStudio.QualityTools.Tips.UnitTest.Adapter, Version=10.0.0.0, Culture=neutral, PublicKeyToken=b03f5f7f11d50a3a" className="TestModel.ClientTest, TestModel, Version=1.0.0.0, Culture=neutral, PublicKeyToken=null" name="AddRemarkToAnEmployee" />
    </UnitTest>
    <UnitTest name="ReturnsAnEmployeeList" storage="e:\new folder (3)\employeemanagement.datacontract_assignment\testmodel\bin\debug\testmodel.dll" id="02d39ca2-7a0d-a1d9-88a8-4f4f60dea256">
      <Execution id="d2c652af-b811-4c65-b212-3696096c919d" />
      <TestMethod codeBase="E:/New folder (3)/EmployeeManagement.DataContract_Assignment/TestModel/bin/Debug/TestModel.DLL" adapterTypeName="Microsoft.VisualStudio.TestTools.TestTypes.Unit.UnitTestAdapter, Microsoft.VisualStudio.QualityTools.Tips.UnitTest.Adapter, Version=10.0.0.0, Culture=neutral, PublicKeyToken=b03f5f7f11d50a3a" className="TestModel.ClientTest, TestModel, Version=1.0.0.0, Culture=neutral, PublicKeyToken=null" name="ReturnsAnEmployeeList" />
    </UnitTest>
    <UnitTest name="CreateEmployeeFailed" storage="e:\new folder (3)\employeemanagement.datacontract_assignment\testmodel\bin\debug\testmodel.dll" id="bf1f2b99-fcec-1c46-6439-115e5e9fd61e">
      <Execution id="30782add-30e1-42fd-854c-aff110f1dc9a" />
      <TestMethod codeBase="E:/New folder (3)/EmployeeManagement.DataContract_Assignment/TestModel/bin/Debug/TestModel.DLL" adapterTypeName="Microsoft.VisualStudio.TestTools.TestTypes.Unit.UnitTestAdapter, Microsoft.VisualStudio.QualityTools.Tips.UnitTest.Adapter, Version=10.0.0.0, Culture=neutral, PublicKeyToken=b03f5f7f11d50a3a" className="TestModel.ClientTest, TestModel, Version=1.0.0.0, Culture=neutral, PublicKeyToken=null" name="CreateEmployeeFailed" />
    </UnitTest>
    <UnitTest name="CreateEmployeeSuccess" storage="e:\new folder (3)\employeemanagement.datacontract_assignment\testmodel\bin\debug\testmodel.dll" id="7a467b03-cb85-68f8-8b6c-b475668536cb">
      <Execution id="38075fd6-0eec-4290-98d3-dbef68c41d09" />
      <TestMethod codeBase="E:/New folder (3)/EmployeeManagement.DataContract_Assignment/TestModel/bin/Debug/TestModel.DLL" adapterTypeName="Microsoft.VisualStudio.TestTools.TestTypes.Unit.UnitTestAdapter, Microsoft.VisualStudio.QualityTools.Tips.UnitTest.Adapter, Version=10.0.0.0, Culture=neutral, PublicKeyToken=b03f5f7f11d50a3a" className="TestModel.ClientTest, TestModel, Version=1.0.0.0, Culture=neutral, PublicKeyToken=null" name="CreateEmployeeSuccess" />
    </UnitTest>
  </TestDefinitions>
  <TestLists>
    <TestList name="Results Not in a List" id="8c84fa94-04c1-424b-9868-57a2d4851a1d" />
    <TestList name="All Loaded Results" id="19431567-8539-422a-85d7-44ee4e166bda" />
  </TestLists>
  <TestEntries>
    <TestEntry testId="7a467b03-cb85-68f8-8b6c-b475668536cb" executionId="38075fd6-0eec-4290-98d3-dbef68c41d09" testListId="8c84fa94-04c1-424b-9868-57a2d4851a1d" />
    <TestEntry testId="bf1f2b99-fcec-1c46-6439-115e5e9fd61e" executionId="30782add-30e1-42fd-854c-aff110f1dc9a" testListId="8c84fa94-04c1-424b-9868-57a2d4851a1d" />
    <TestEntry testId="7783fc6a-cd38-6535-61b4-63e7eb4592ca" executionId="f291a5b3-b3e5-4b18-8a9e-82c322c22f0d" testListId="8c84fa94-04c1-424b-9868-57a2d4851a1d" />
    <TestEntry testId="02d39ca2-7a0d-a1d9-88a8-4f4f60dea256" executionId="d2c652af-b811-4c65-b212-3696096c919d" testListId="8c84fa94-04c1-424b-9868-57a2d4851a1d" />
    <TestEntry testId="02af2691-d6bd-d880-8979-d5f6ff35691e" executionId="0d31ddc7-c207-4322-bb78-b63e33a2e66e" testListId="8c84fa94-04c1-424b-9868-57a2d4851a1d" />
  </TestEntries>
  <Results>
    <UnitTestResult executionId="38075fd6-0eec-4290-98d3-dbef68c41d09" testId="7a467b03-cb85-68f8-8b6c-b475668536cb" testName="CreateEmployeeSuccess" computerName="VAIO" duration="00:00:01.4504870" startTime="2013-08-02T22:59:31.6201296+05:30" endTime="2013-08-02T22:59:33.8376055+05:30" testType="13cdc9d9-ddb5-4fa4-a97d-d965ccfc6d4b" outcome="Passed" testListId="8c84fa94-04c1-424b-9868-57a2d4851a1d" relativeResultsDirectory="38075fd6-0eec-4290-98d3-dbef68c41d09">
    </UnitTestResult>
    <UnitTestResult executionId="30782add-30e1-42fd-854c-aff110f1dc9a" testId="bf1f2b99-fcec-1c46-6439-115e5e9fd61e" testName="CreateEmployeeFailed" computerName="VAIO" duration="00:00:00.0540854" startTime="2013-08-02T22:59:33.8596202+05:30" endTime="2013-08-02T22:59:33.9236647+05:30" testType="13cdc9d9-ddb5-4fa4-a97d-d965ccfc6d4b" outcome="Passed" testListId="8c84fa94-04c1-424b-9868-57a2d4851a1d" relativeResultsDirectory="30782add-30e1-42fd-854c-aff110f1dc9a">
    </UnitTestResult>
    <UnitTestResult executionId="f291a5b3-b3e5-4b18-8a9e-82c322c22f0d" testId="7783fc6a-cd38-6535-61b4-63e7eb4592ca" testName="ReturnsAnEmployeeById" computerName="VAIO" duration="00:00:00.0325349" startTime="2013-08-02T22:59:33.9396735+05:30" endTime="2013-08-02T22:59:33.9817015+05:30" testType="13cdc9d9-ddb5-4fa4-a97d-d965ccfc6d4b" outcome="Passed" testListId="8c84fa94-04c1-424b-9868-57a2d4851a1d" relativeResultsDirectory="f291a5b3-b3e5-4b18-8a9e-82c322c22f0d">
    </UnitTestResult>
    <UnitTestResult executionId="d2c652af-b811-4c65-b212-3696096c919d" testId="02d39ca2-7a0d-a1d9-88a8-4f4f60dea256" testName="ReturnsAnEmployeeList" computerName="VAIO" duration="00:00:00.0293127" startTime="2013-08-02T22:59:34.0037162+05:30" endTime="2013-08-02T22:59:34.0407427+05:30" testType="13cdc9d9-ddb5-4fa4-a97d-d965ccfc6d4b" outcome="Passed" testListId="8c84fa94-04c1-424b-9868-57a2d4851a1d" relativeResultsDirectory="d2c652af-b811-4c65-b212-3696096c919d">
    </UnitTestResult>
    <UnitTestResult executionId="0d31ddc7-c207-4322-bb78-b63e33a2e66e" testId="02af2691-d6bd-d880-8979-d5f6ff35691e" testName="AddRemarkToAnEmployee" computerName="VAIO" duration="00:00:00.0231888" startTime="2013-08-02T22:59:34.0577531+05:30" endTime="2013-08-02T22:59:34.0897754+05:30" testType="13cdc9d9-ddb5-4fa4-a97d-d965ccfc6d4b" outcome="Passed" testListId="8c84fa94-04c1-424b-9868-57a2d4851a1d" relativeResultsDirectory="0d31ddc7-c207-4322-bb78-b63e33a2e66e">
    </UnitTestResult>
  </Results>
</TestRun>