<?xml version="1.0" encoding="UTF-8"?>
<TestRun id="90221e4f-d6ee-4d82-aa7c-2a0a04b250d5" name="mshandiliya@TRAINING3 2013-08-03 18:14:00" runUser="PUNE\mshandiliya" xmlns="http://microsoft.com/schemas/VisualStudio/TeamTest/2010">
  <TestSettings name="Local" id="653d5e6b-7427-496f-a05e-e489b8797674">
    <Description>These are default test settings for a local test run.</Description>
    <Deployment enabled="false" runDeploymentRoot="mshandiliya_TRAINING3 2013-08-03 18_14_00" />
    <Execution>
      <TestTypeSpecific />
      <AgentRule name="Execution Agents">
      </AgentRule>
    </Execution>
  </TestSettings>
  <Times creation="2013-08-03T18:14:00.7913631+05:30" queuing="2013-08-03T18:14:02.4145254+05:30" start="2013-08-03T18:14:02.4975337+05:30" finish="2013-08-03T18:14:05.2938133+05:30" />
  <ResultSummary outcome="Completed">
    <Counters total="1" executed="1" passed="1" error="0" failed="0" timeout="0" aborted="0" inconclusive="0" passedButRunAborted="0" notRunnable="0" notExecuted="0" disconnected="0" warning="0" completed="0" inProgress="0" pending="0" />
  </ResultSummary>
  <TestDefinitions>
    <UnitTest name="CreateEmployeeSuccess" storage="g:\new folder (3)\employeemanagement.datacontract_assignment\testmodel\bin\debug\testmodel.dll" id="7a467b03-cb85-68f8-8b6c-b475668536cb">
      <Execution id="9cd507b2-a08d-480b-96f5-5d4e8235c5cb" />
      <TestMethod codeBase="G:/New folder (3)/EmployeeManagement.DataContract_Assignment/TestModel/bin/Debug/TestModel.DLL" adapterTypeName="Microsoft.VisualStudio.TestTools.TestTypes.Unit.UnitTestAdapter, Microsoft.VisualStudio.QualityTools.Tips.UnitTest.Adapter, Version=10.0.0.0, Culture=neutral, PublicKeyToken=b03f5f7f11d50a3a" className="TestModel.ClientTest, TestModel, Version=1.0.0.0, Culture=neutral, PublicKeyToken=null" name="CreateEmployeeSuccess" />
    </UnitTest>
  </TestDefinitions>
  <TestLists>
    <TestList name="Results Not in a List" id="8c84fa94-04c1-424b-9868-57a2d4851a1d" />
    <TestList name="All Loaded Results" id="19431567-8539-422a-85d7-44ee4e166bda" />
  </TestLists>
  <TestEntries>
    <TestEntry testId="7a467b03-cb85-68f8-8b6c-b475668536cb" executionId="9cd507b2-a08d-480b-96f5-5d4e8235c5cb" testListId="8c84fa94-04c1-424b-9868-57a2d4851a1d" />
  </TestEntries>
  <Results>
    <UnitTestResult executionId="9cd507b2-a08d-480b-96f5-5d4e8235c5cb" testId="7a467b03-cb85-68f8-8b6c-b475668536cb" testName="CreateEmployeeSuccess" computerName="TRAINING3" duration="00:00:00.7849390" startTime="2013-08-03T18:14:02.5765416+05:30" endTime="2013-08-03T18:14:05.1648004+05:30" testType="13cdc9d9-ddb5-4fa4-a97d-d965ccfc6d4b" outcome="Passed" testListId="8c84fa94-04c1-424b-9868-57a2d4851a1d" relativeResultsDirectory="9cd507b2-a08d-480b-96f5-5d4e8235c5cb">
    </UnitTestResult>
  </Results>
</TestRun>